NC-Time-Twin Estimate Log
NC-Code: C:\Projects\綠智能\nc_time_twin_v2\output\normalized.nc
Generated at: 2026-04-28 12:26:47

Summary:
  total_time_sec: 550.7362084791707
  total_time_text: 00:09:11
  rapid_time_sec: 82.09261199639653
  cutting_time_sec: 457.1435964827732
  arc_time_sec: 394.0953573966369
  dwell_time_sec: 0.0
  tool_change_time_sec: 0.0
  spindle_time_sec: 11.0
  coolant_time_sec: 0.5
  optional_stop_time_sec: 0.0
  reference_return_time_sec: 0.0
  auxiliary_time_sec: 11.5
  total_length_mm: 40759.300990299475
  tool_change_count: 0
  spindle_event_count: 6
  coolant_event_count: 1
  optional_stop_count: 0
  reference_return_count: 1
  smoothing_event_count: 0
  feed_unit_configured: auto
  feed_unit_effective: mm_per_min
  feed_move_count: 2053
  feed_raw_count: 2053
  feed_min_raw: 6000.0
  feed_max_raw: 10000.0
  feed_low_g94_count: 0
  feed_capped_count: 0
  feed_min_effective_mm_min: 6000.0
  feed_max_effective_mm_min: 10000.0
  feed_sanity_issue_count: 0
  feed_sanity_critical_count: 0
  feed_sanity_warning_count: 0
  feed_sanity_low_effective_count: 0
  feed_sanity_low_raw_g94_count: 0
  feed_sanity_mid_raw_g94_count: 0
  feed_sanity_extreme_raw_count: 0
  feed_sanity_extreme_raw_threshold: 50000.0
  feed_sanity_strict_feed: True
  phase2_segment_count: 9067
  phase2_junction_count: 9062
  phase2_bottleneck_count: 8218
  phase2_dynamic_sample_count: 279070
  warning_count: 1

Warnings:
  - Line 2142: G28 reference return time is not estimated

Feed Histogram:
  - <1000: count=0, time_sec=0, length_mm=0
  - 1000-2999: count=0, time_sec=0, length_mm=0
  - 3000-4499: count=0, time_sec=0, length_mm=0
  - 4500-5999: count=0, time_sec=0, length_mm=0
  - >=6000: count=2053, time_sec=457.144, length_mm=33773.8

Top Slow Feed Blocks:
  - Line 1392: time_sec=3.79779, length_mm=368.597, raw_F=6000.0, effective_feed_mm_min=6000.0, raw=G02 X1.581 Y290.874 I277.334 J-88.729 F6000
  - Line 2130: time_sec=1.92053, length_mm=236.256, raw_F=10000.0, effective_feed_mm_min=10000.0, raw=G02 X-61.292 Y279.686 I247.266 J-144.996
  - Line 1504: time_sec=1.83695, length_mm=209.984, raw_F=10000.0, effective_feed_mm_min=10000.0, raw=X-231.169 Y143.940 I65.403 J-264.269
  - Line 1524: time_sec=1.81645, length_mm=203.892, raw_F=10000.0, effective_feed_mm_min=10000.0, raw=X-227.562 Y143.881 I66.528 J-260.897
  - Line 1548: time_sec=1.78743, length_mm=200.361, raw_F=10000.0, effective_feed_mm_min=10000.0, raw=X-225.392 Y143.751 I67.062 J-258.778
  - Line 1564: time_sec=1.77792, length_mm=197.414, raw_F=10000.0, effective_feed_mm_min=10000.0, raw=X-223.411 Y143.411 I67.359 J-256.800
  - Line 1595: time_sec=1.75112, length_mm=194.638, raw_F=10000.0, effective_feed_mm_min=10000.0, raw=X-221.498 Y143.031 I67.579 J-254.849
  - Line 1615: time_sec=1.74247, length_mm=191.915, raw_F=10000.0, effective_feed_mm_min=10000.0, raw=X-219.616 Y142.659 I67.777 J-252.893
  - Line 1635: time_sec=1.73421, length_mm=189.262, raw_F=10000.0, effective_feed_mm_min=10000.0, raw=X-217.792 Y142.296 I68.029 J-251.104
  - Line 1659: time_sec=1.72605, length_mm=186.651, raw_F=10000.0, effective_feed_mm_min=10000.0, raw=X-215.991 Y141.940 I68.240 J-249.272
  - Line 1679: time_sec=1.69959, length_mm=184.097, raw_F=10000.0, effective_feed_mm_min=10000.0, raw=X-214.228 Y141.589 I68.461 J-247.497
  - Line 1699: time_sec=1.69179, length_mm=181.606, raw_F=10000.0, effective_feed_mm_min=10000.0, raw=X-212.507 Y141.249 I68.627 J-245.700
  - Line 1718: time_sec=1.68565, length_mm=179.675, raw_F=10000.0, effective_feed_mm_min=10000.0, raw=X-211.188 Y141.005 I68.808 J-244.378
  - Line 1757: time_sec=1.65762, length_mm=176.78, raw_F=10000.0, effective_feed_mm_min=10000.0, raw=X-209.276 Y140.727 I69.168 J-242.521
  - Line 1776: time_sec=1.65325, length_mm=175.409, raw_F=10000.0, effective_feed_mm_min=10000.0, raw=X-208.391 Y140.621 I69.343 J-241.645
  - Line 1796: time_sec=1.64885, length_mm=174.037, raw_F=10000.0, effective_feed_mm_min=10000.0, raw=X-207.504 Y140.517 I69.517 J-240.770
  - Line 1816: time_sec=1.64445, length_mm=172.669, raw_F=10000.0, effective_feed_mm_min=10000.0, raw=X-206.618 Y140.411 I69.690 J-239.895
  - Line 1835: time_sec=1.63999, length_mm=171.3, raw_F=10000.0, effective_feed_mm_min=10000.0, raw=X-205.731 Y140.304 I69.863 J-239.018
  - Line 1855: time_sec=1.61683, length_mm=169.927, raw_F=10000.0, effective_feed_mm_min=10000.0, raw=X-204.842 Y140.199 I70.037 J-238.141
  - Line 1876: time_sec=1.61238, length_mm=168.557, raw_F=10000.0, effective_feed_mm_min=10000.0, raw=X-203.954 Y140.091 I70.210 J-237.262

Feed Sanity Summary:
  feed_sanity_issue_count: 0
  feed_sanity_critical_count: 0
  feed_sanity_warning_count: 0
  feed_sanity_low_effective_count: 0
  feed_sanity_low_raw_g94_count: 0
  feed_sanity_mid_raw_g94_count: 0
  feed_sanity_extreme_raw_count: 0
  feed_sanity_extreme_raw_threshold: 50000.0
  feed_sanity_strict_feed: True
  normalized_feed_recommendation: No feed normalization action is required by the current sanity rules.

Feed Sanity Issues:
  None

Comparison:
  source: C:\Projects\綠智能\nc_time_twin_v2\examples\ToolPathSource.opti.nc
  candidate: C:\Projects\綠智能\nc_time_twin_v2\output\normalized.nc
  geometry_match: True
  total_time_delta_sec: -70.5768348240241
  cutting_time_delta_sec: -70.56439427080306
  regression_ratio: -0.1135930358854277
  max_regression_ratio: 0.0
  is_regression: False

Comparison Feed Band Deltas:
  - <1000: count=0, delta_time_sec=0
  - 1000-2999: count=0, delta_time_sec=0
  - 3000-4499: count=0, delta_time_sec=0
  - 4500-5999: count=0, delta_time_sec=0
  - >=6000: count=2053, delta_time_sec=-70.5644

Top Time Regression Blocks:
  - Candidate line 828: delta_time_sec=1.88738e-15, source_F=7500.0, candidate_F=10000.0, candidate_effective_feed_mm_min=10000.0, raw=G03 X35.391 Y233.666 I-0.530 J4.771 F10000
  - Candidate line 2103: delta_time_sec=1.4988e-15, source_F=7500.0, candidate_F=10000.0, candidate_effective_feed_mm_min=10000.0, raw=G03 X-80.981 Y129.579 I-4.799 J0.097
  - Candidate line 1367: delta_time_sec=1.44329e-15, source_F=2983.0, candidate_F=10000.0, candidate_effective_feed_mm_min=10000.0, raw=G03 X-6.672 Y102.148 I4.707 J-0.941 F10000
  - Candidate line 144: delta_time_sec=1.38778e-15, source_F=7500.0, candidate_F=10000.0, candidate_effective_feed_mm_min=10000.0, raw=G03 X48.527 Y99.390 I-4.304 J2.124 F10000
  - Candidate line 1934: delta_time_sec=1.38778e-15, source_F=7500.0, candidate_F=10000.0, candidate_effective_feed_mm_min=10000.0, raw=G03 X-73.616 Y181.938 I0.251 J4.793 F10000
  - Candidate line 1269: delta_time_sec=1.33227e-15, source_F=4585.0, candidate_F=10000.0, candidate_effective_feed_mm_min=10000.0, raw=X3.596 Y45.272 I3.597 J9.652 F10000
  - Candidate line 2061: delta_time_sec=1.33227e-15, source_F=7500.0, candidate_F=10000.0, candidate_effective_feed_mm_min=10000.0, raw=G03 X-79.160 Y169.361 I-4.795 J0.223
  - Candidate line 1170: delta_time_sec=1.27676e-15, source_F=8921.0, candidate_F=10000.0, candidate_effective_feed_mm_min=10000.0, raw=G02 X5.864 Y40.401 I3.122 J6.915
  - Candidate line 1236: delta_time_sec=1.27676e-15, source_F=6614.0, candidate_F=10000.0, candidate_effective_feed_mm_min=10000.0, raw=X5.594 Y53.060 I-0.945 J-4.706 F10000
  - Candidate line 1354: delta_time_sec=1.27676e-15, source_F=3167.0, candidate_F=10000.0, candidate_effective_feed_mm_min=10000.0, raw=G03 X-17.409 Y102.569 I3.851 J-2.865 F10000
  - Candidate line 1369: delta_time_sec=1.27676e-15, source_F=5306.0, candidate_F=10000.0, candidate_effective_feed_mm_min=10000.0, raw=X10.442 Y107.797 I-0.941 J4.707 F10000
  - Candidate line 1994: delta_time_sec=1.27676e-15, source_F=7500.0, candidate_F=10000.0, candidate_effective_feed_mm_min=10000.0, raw=G03 X-71.363 Y224.910 I0.221 J4.795 F10000
  - Candidate line 2018: delta_time_sec=1.27676e-15, source_F=7500.0, candidate_F=10000.0, candidate_effective_feed_mm_min=10000.0, raw=X-185.939 Y140.723 I1.274 J4.628
  - Candidate line 36: delta_time_sec=1.22125e-15, source_F=5314.0, candidate_F=10000.0, candidate_effective_feed_mm_min=10000.0, raw=X6.981 Y54.504 I-0.504 J6.982
  - Candidate line 188: delta_time_sec=1.22125e-15, source_F=7500.0, candidate_F=10000.0, candidate_effective_feed_mm_min=10000.0, raw=X-48.094 Y94.829 I-8.035 J3.999
  - Candidate line 1220: delta_time_sec=1.22125e-15, source_F=2983.0, candidate_F=10000.0, candidate_effective_feed_mm_min=10000.0, raw=G03 X-11.237 Y56.822 I-4.708 J-0.938 F10000
  - Candidate line 1238: delta_time_sec=1.22125e-15, source_F=3043.0, candidate_F=10000.0, candidate_effective_feed_mm_min=10000.0, raw=G03 X-13.002 Y53.550 I-4.651 J-1.186 F10000
  - Candidate line 46: delta_time_sec=1.11022e-15, source_F=7500.0, candidate_F=10000.0, candidate_effective_feed_mm_min=10000.0, raw=G03 X49.225 Y126.046 I-7.439 J2.944
  - Candidate line 96: delta_time_sec=1.11022e-15, source_F=7500.0, candidate_F=10000.0, candidate_effective_feed_mm_min=10000.0, raw=G03 X48.936 Y110.359 I-4.383 J1.957 F10000
  - Candidate line 1449: delta_time_sec=1.11022e-15, source_F=7500.0, candidate_F=10000.0, candidate_effective_feed_mm_min=10000.0, raw=G03 X-226.470 Y139.278 I4.696 J-0.996 F10000
