NC-Time-Twin Estimate Log
NC-Code: C:\Projects\綠智能\nc_time_twin_v2\examples\O0001.NC
Generated at: 2026-04-28 15:35:17

Summary:
  total_time_sec: 1700.5157443495973
  total_time_text: 00:28:21
  rapid_time_sec: 0.569184
  cutting_time_sec: 1687.9465603495978
  arc_time_sec: 407.4126454760934
  dwell_time_sec: 0.0
  tool_change_time_sec: 8.0
  spindle_time_sec: 3.0
  coolant_time_sec: 1.0
  optional_stop_time_sec: 0.0
  reference_return_time_sec: 0.0
  auxiliary_time_sec: 12.0
  total_length_mm: 48667.713841827295
  tool_change_count: 1
  spindle_event_count: 2
  coolant_event_count: 2
  optional_stop_count: 2
  reference_return_count: 3
  smoothing_event_count: 2
  feed_unit_configured: auto
  feed_unit_effective: mm_per_min
  feed_move_count: 4908
  feed_raw_count: 4908
  feed_min_raw: 900.0
  feed_max_raw: 8000.0
  feed_low_g94_count: 0
  feed_capped_count: 0
  feed_min_effective_mm_min: 900.0
  feed_max_effective_mm_min: 8000.0
  feed_sanity_issue_count: 4528
  feed_sanity_critical_count: 0
  feed_sanity_warning_count: 4528
  feed_sanity_low_effective_count: 4528
  feed_sanity_low_raw_g94_count: 0
  feed_sanity_mid_raw_g94_count: 4528
  feed_sanity_extreme_raw_count: 0
  feed_sanity_extreme_raw_threshold: 50000.0
  feed_sanity_strict_feed: False
  warning_count: 3

Warnings:
  - Line 8: G28 reference return time is not estimated
  - Line 4939: G30 reference return time is not estimated
  - Line 4940: G28 reference return time is not estimated

Feed Histogram:
  - <1000: count=4528, time_sec=1497.18, length_mm=23162.1
  - 1000-2999: count=0, time_sec=0, length_mm=0
  - 3000-4499: count=0, time_sec=0, length_mm=0
  - 4500-5999: count=0, time_sec=0, length_mm=0
  - >=6000: count=380, time_sec=190.765, length_mm=25435.3

Top Slow Feed Blocks:
  - Line 760: time_sec=16.6013, length_mm=257.32, raw_F=930.0, effective_feed_mm_min=930.0, raw=G02 X-70.127 Y-83.138 I-127.715 J-19.572
  - Line 869: time_sec=15.5983, length_mm=241.774, raw_F=930.0, effective_feed_mm_min=930.0, raw=G02 X-49.242 Y-88.249 I-129.588 J-20.372
  - Line 653: time_sec=13.6452, length_mm=211.5, raw_F=930.0, effective_feed_mm_min=930.0, raw=G02 X-30.665 Y-88.557 I-126.64 J-15.88
  - Line 217: time_sec=13.1039, length_mm=203.111, raw_F=930.0, effective_feed_mm_min=930.0, raw=G02 X-40.335 Y-88.115 I-122.833 J-7.454
  - Line 1212: time_sec=12.647, length_mm=196.029, raw_F=930.0, effective_feed_mm_min=930.0, raw=G02 X6.226 Y-83.925 I-131.153 J-24.878
  - Line 973: time_sec=11.9553, length_mm=185.307, raw_F=930.0, effective_feed_mm_min=930.0, raw=G02 X8.288 Y-84.816 I-130.122 J-17.332
  - Line 1340: time_sec=11.8514, length_mm=183.696, raw_F=930.0, effective_feed_mm_min=930.0, raw=G02 X17.221 Y-78.299 I-128.445 J-25.226
  - Line 1471: time_sec=11.1779, length_mm=173.257, raw_F=930.0, effective_feed_mm_min=930.0, raw=G02 X27.6 Y-72.586 I-126.443 J-26.638
  - Line 427: time_sec=10.6404, length_mm=164.926, raw_F=930.0, effective_feed_mm_min=930.0, raw=G02 X-1.259 Y-85.648 I-122.544 J-3.571
  - Line 666: time_sec=9.27137, length_mm=143.706, raw_F=930.0, effective_feed_mm_min=930.0, raw=G02 X-32.322 Y-46.254 I-84.35 J-12.906
  - Line 667: time_sec=9.27133, length_mm=143.706, raw_F=930.0, effective_feed_mm_min=930.0, raw= X-120.703 Y45.387 I-3.288 J85.269
  - Line 110: time_sec=9.01233, length_mm=139.691, raw_F=930.0, effective_feed_mm_min=930.0, raw= X-72.095 Y88.72
  - Line 198: time_sec=9.01233, length_mm=139.691, raw_F=930.0, effective_feed_mm_min=930.0, raw= X-72.095 Y88.72
  - Line 98: time_sec=8.70079, length_mm=134.862, raw_F=930.0, effective_feed_mm_min=930.0, raw=G01 X67.277 Y-66.068
  - Line 186: time_sec=8.70079, length_mm=134.862, raw_F=930.0, effective_feed_mm_min=930.0, raw=G01 X67.277 Y-66.068
  - Line 230: time_sec=8.60163, length_mm=133.325, raw_F=930.0, effective_feed_mm_min=930.0, raw= X-118.386 Y42.948 I1.534 J80.745
  - Line 229: time_sec=8.60157, length_mm=133.324, raw_F=930.0, effective_feed_mm_min=930.0, raw=G02 X-39.556 Y-45.786 I-80.608 J-4.931
  - Line 885: time_sec=8.37264, length_mm=129.776, raw_F=930.0, effective_feed_mm_min=930.0, raw=G02 X-119.079 Y36.604 I-0.186 J81.555
  - Line 208: time_sec=8.28362, length_mm=128.396, raw_F=930.0, effective_feed_mm_min=930.0, raw=G02 X71.228 Y-76.932 I-156.203 J-3.781
  - Line 772: time_sec=7.7826, length_mm=120.63, raw_F=930.0, effective_feed_mm_min=930.0, raw=G02 X-10.653 Y-40.813 I-82.479 J-12.158

Feed Sanity Summary:
  feed_sanity_issue_count: 4528
  feed_sanity_critical_count: 0
  feed_sanity_warning_count: 4528
  feed_sanity_low_effective_count: 4528
  feed_sanity_low_raw_g94_count: 0
  feed_sanity_mid_raw_g94_count: 4528
  feed_sanity_extreme_raw_count: 0
  feed_sanity_extreme_raw_threshold: 50000.0
  feed_sanity_strict_feed: False
  normalized_feed_recommendation: Low feed blocks dominate the risk. Verify whether each slowdown is intentional; otherwise reject or regenerate the optimized NC.

Feed Sanity Issues:
  - Line 27: warning low_effective_feed: G21/G94 effective feed 900 mm/min is below 1000 mm/min. recommendation=Confirm this is an intentional local slowdown; otherwise normalize feed scale or reject the optimized NC as a time regression.
  - Line 28: warning low_effective_feed: G21/G94 effective feed 900 mm/min is below 1000 mm/min. recommendation=Confirm this is an intentional local slowdown; otherwise normalize feed scale or reject the optimized NC as a time regression.
  - Line 29: warning low_effective_feed: G21/G94 effective feed 900 mm/min is below 1000 mm/min. recommendation=Confirm this is an intentional local slowdown; otherwise normalize feed scale or reject the optimized NC as a time regression.
  - Line 30: warning low_effective_feed: G21/G94 effective feed 900 mm/min is below 1000 mm/min. recommendation=Confirm this is an intentional local slowdown; otherwise normalize feed scale or reject the optimized NC as a time regression.
  - Line 31: warning low_effective_feed: G21/G94 effective feed 900 mm/min is below 1000 mm/min. recommendation=Confirm this is an intentional local slowdown; otherwise normalize feed scale or reject the optimized NC as a time regression.
  - Line 32: warning low_effective_feed: G21/G94 effective feed 900 mm/min is below 1000 mm/min. recommendation=Confirm this is an intentional local slowdown; otherwise normalize feed scale or reject the optimized NC as a time regression.
  - Line 33: warning low_effective_feed: G21/G94 effective feed 900 mm/min is below 1000 mm/min. recommendation=Confirm this is an intentional local slowdown; otherwise normalize feed scale or reject the optimized NC as a time regression.
  - Line 34: warning low_effective_feed: G21/G94 effective feed 900 mm/min is below 1000 mm/min. recommendation=Confirm this is an intentional local slowdown; otherwise normalize feed scale or reject the optimized NC as a time regression.
  - Line 35: warning low_effective_feed: G21/G94 effective feed 900 mm/min is below 1000 mm/min. recommendation=Confirm this is an intentional local slowdown; otherwise normalize feed scale or reject the optimized NC as a time regression.
  - Line 36: warning low_effective_feed: G21/G94 effective feed 900 mm/min is below 1000 mm/min. recommendation=Confirm this is an intentional local slowdown; otherwise normalize feed scale or reject the optimized NC as a time regression.
  - Line 37: warning low_effective_feed: G21/G94 effective feed 900 mm/min is below 1000 mm/min. recommendation=Confirm this is an intentional local slowdown; otherwise normalize feed scale or reject the optimized NC as a time regression.
  - Line 38: warning low_effective_feed: G21/G94 effective feed 900 mm/min is below 1000 mm/min. recommendation=Confirm this is an intentional local slowdown; otherwise normalize feed scale or reject the optimized NC as a time regression.
  - Line 39: warning low_effective_feed: G21/G94 effective feed 900 mm/min is below 1000 mm/min. recommendation=Confirm this is an intentional local slowdown; otherwise normalize feed scale or reject the optimized NC as a time regression.
  - Line 40: warning low_effective_feed: G21/G94 effective feed 900 mm/min is below 1000 mm/min. recommendation=Confirm this is an intentional local slowdown; otherwise normalize feed scale or reject the optimized NC as a time regression.
  - Line 41: warning low_effective_feed: G21/G94 effective feed 900 mm/min is below 1000 mm/min. recommendation=Confirm this is an intentional local slowdown; otherwise normalize feed scale or reject the optimized NC as a time regression.
  - Line 42: warning low_effective_feed: G21/G94 effective feed 900 mm/min is below 1000 mm/min. recommendation=Confirm this is an intentional local slowdown; otherwise normalize feed scale or reject the optimized NC as a time regression.
  - Line 43: warning low_effective_feed: G21/G94 effective feed 900 mm/min is below 1000 mm/min. recommendation=Confirm this is an intentional local slowdown; otherwise normalize feed scale or reject the optimized NC as a time regression.
  - Line 44: warning low_effective_feed: G21/G94 effective feed 900 mm/min is below 1000 mm/min. recommendation=Confirm this is an intentional local slowdown; otherwise normalize feed scale or reject the optimized NC as a time regression.
  - Line 45: warning low_effective_feed: G21/G94 effective feed 900 mm/min is below 1000 mm/min. recommendation=Confirm this is an intentional local slowdown; otherwise normalize feed scale or reject the optimized NC as a time regression.
  - Line 46: warning low_effective_feed: G21/G94 effective feed 900 mm/min is below 1000 mm/min. recommendation=Confirm this is an intentional local slowdown; otherwise normalize feed scale or reject the optimized NC as a time regression.
  - Line 47: warning low_effective_feed: G21/G94 effective feed 900 mm/min is below 1000 mm/min. recommendation=Confirm this is an intentional local slowdown; otherwise normalize feed scale or reject the optimized NC as a time regression.
  - Line 48: warning low_effective_feed: G21/G94 effective feed 900 mm/min is below 1000 mm/min. recommendation=Confirm this is an intentional local slowdown; otherwise normalize feed scale or reject the optimized NC as a time regression.
  - Line 49: warning low_effective_feed: G21/G94 effective feed 900 mm/min is below 1000 mm/min. recommendation=Confirm this is an intentional local slowdown; otherwise normalize feed scale or reject the optimized NC as a time regression.
  - Line 50: warning low_effective_feed: G21/G94 effective feed 900 mm/min is below 1000 mm/min. recommendation=Confirm this is an intentional local slowdown; otherwise normalize feed scale or reject the optimized NC as a time regression.
  - Line 51: warning low_effective_feed: G21/G94 effective feed 900 mm/min is below 1000 mm/min. recommendation=Confirm this is an intentional local slowdown; otherwise normalize feed scale or reject the optimized NC as a time regression.
  - Line 52: warning low_effective_feed: G21/G94 effective feed 900 mm/min is below 1000 mm/min. recommendation=Confirm this is an intentional local slowdown; otherwise normalize feed scale or reject the optimized NC as a time regression.
  - Line 53: warning low_effective_feed: G21/G94 effective feed 900 mm/min is below 1000 mm/min. recommendation=Confirm this is an intentional local slowdown; otherwise normalize feed scale or reject the optimized NC as a time regression.
  - Line 54: warning low_effective_feed: G21/G94 effective feed 900 mm/min is below 1000 mm/min. recommendation=Confirm this is an intentional local slowdown; otherwise normalize feed scale or reject the optimized NC as a time regression.
  - Line 55: warning low_effective_feed: G21/G94 effective feed 900 mm/min is below 1000 mm/min. recommendation=Confirm this is an intentional local slowdown; otherwise normalize feed scale or reject the optimized NC as a time regression.
  - Line 56: warning low_effective_feed: G21/G94 effective feed 900 mm/min is below 1000 mm/min. recommendation=Confirm this is an intentional local slowdown; otherwise normalize feed scale or reject the optimized NC as a time regression.
  - Line 57: warning low_effective_feed: G21/G94 effective feed 900 mm/min is below 1000 mm/min. recommendation=Confirm this is an intentional local slowdown; otherwise normalize feed scale or reject the optimized NC as a time regression.
  - Line 58: warning low_effective_feed: G21/G94 effective feed 900 mm/min is below 1000 mm/min. recommendation=Confirm this is an intentional local slowdown; otherwise normalize feed scale or reject the optimized NC as a time regression.
  - Line 59: warning low_effective_feed: G21/G94 effective feed 900 mm/min is below 1000 mm/min. recommendation=Confirm this is an intentional local slowdown; otherwise normalize feed scale or reject the optimized NC as a time regression.
  - Line 60: warning low_effective_feed: G21/G94 effective feed 930 mm/min is below 1000 mm/min. recommendation=Confirm this is an intentional local slowdown; otherwise normalize feed scale or reject the optimized NC as a time regression.
  - Line 61: warning low_effective_feed: G21/G94 effective feed 930 mm/min is below 1000 mm/min. recommendation=Confirm this is an intentional local slowdown; otherwise normalize feed scale or reject the optimized NC as a time regression.
  - Line 62: warning low_effective_feed: G21/G94 effective feed 930 mm/min is below 1000 mm/min. recommendation=Confirm this is an intentional local slowdown; otherwise normalize feed scale or reject the optimized NC as a time regression.
  - Line 63: warning low_effective_feed: G21/G94 effective feed 930 mm/min is below 1000 mm/min. recommendation=Confirm this is an intentional local slowdown; otherwise normalize feed scale or reject the optimized NC as a time regression.
  - Line 64: warning low_effective_feed: G21/G94 effective feed 930 mm/min is below 1000 mm/min. recommendation=Confirm this is an intentional local slowdown; otherwise normalize feed scale or reject the optimized NC as a time regression.
  - Line 65: warning low_effective_feed: G21/G94 effective feed 930 mm/min is below 1000 mm/min. recommendation=Confirm this is an intentional local slowdown; otherwise normalize feed scale or reject the optimized NC as a time regression.
  - Line 66: warning low_effective_feed: G21/G94 effective feed 930 mm/min is below 1000 mm/min. recommendation=Confirm this is an intentional local slowdown; otherwise normalize feed scale or reject the optimized NC as a time regression.
  - Line 67: warning low_effective_feed: G21/G94 effective feed 930 mm/min is below 1000 mm/min. recommendation=Confirm this is an intentional local slowdown; otherwise normalize feed scale or reject the optimized NC as a time regression.
  - Line 68: warning low_effective_feed: G21/G94 effective feed 930 mm/min is below 1000 mm/min. recommendation=Confirm this is an intentional local slowdown; otherwise normalize feed scale or reject the optimized NC as a time regression.
  - Line 69: warning low_effective_feed: G21/G94 effective feed 930 mm/min is below 1000 mm/min. recommendation=Confirm this is an intentional local slowdown; otherwise normalize feed scale or reject the optimized NC as a time regression.
  - Line 70: warning low_effective_feed: G21/G94 effective feed 930 mm/min is below 1000 mm/min. recommendation=Confirm this is an intentional local slowdown; otherwise normalize feed scale or reject the optimized NC as a time regression.
  - Line 71: warning low_effective_feed: G21/G94 effective feed 930 mm/min is below 1000 mm/min. recommendation=Confirm this is an intentional local slowdown; otherwise normalize feed scale or reject the optimized NC as a time regression.
  - Line 72: warning low_effective_feed: G21/G94 effective feed 930 mm/min is below 1000 mm/min. recommendation=Confirm this is an intentional local slowdown; otherwise normalize feed scale or reject the optimized NC as a time regression.
  - Line 73: warning low_effective_feed: G21/G94 effective feed 930 mm/min is below 1000 mm/min. recommendation=Confirm this is an intentional local slowdown; otherwise normalize feed scale or reject the optimized NC as a time regression.
  - Line 74: warning low_effective_feed: G21/G94 effective feed 930 mm/min is below 1000 mm/min. recommendation=Confirm this is an intentional local slowdown; otherwise normalize feed scale or reject the optimized NC as a time regression.
  - Line 75: warning low_effective_feed: G21/G94 effective feed 930 mm/min is below 1000 mm/min. recommendation=Confirm this is an intentional local slowdown; otherwise normalize feed scale or reject the optimized NC as a time regression.
  - Line 76: warning low_effective_feed: G21/G94 effective feed 930 mm/min is below 1000 mm/min. recommendation=Confirm this is an intentional local slowdown; otherwise normalize feed scale or reject the optimized NC as a time regression.
