NC-Time-Twin Estimate Log
NC-Code: C:\Projects\綠智能\nc_time_twin_v2\examples\ToolPathSource.nc
Generated at: 2026-04-28 11:37:32

Summary:
  total_time_sec: 342.5100330784444
  total_time_text: 00:05:43
  rapid_time_sec: 64.82303399999999
  cutting_time_sec: 266.1869990784441
  arc_time_sec: 232.7142304278456
  dwell_time_sec: 0.0
  tool_change_time_sec: 0.0
  spindle_time_sec: 11.0
  coolant_time_sec: 0.5
  optional_stop_time_sec: 0.0
  reference_return_time_sec: 0.0
  auxiliary_time_sec: 11.5
  total_length_mm: 40759.300990299475
  tool_change_count: 0
  spindle_event_count: 6
  coolant_event_count: 1
  optional_stop_count: 0
  reference_return_count: 1
  smoothing_event_count: 0
  feed_unit_configured: auto
  feed_unit_effective: mm_per_min
  feed_move_count: 2053
  feed_raw_count: 2053
  feed_min_raw: 4500.0
  feed_max_raw: 10000.0
  feed_low_g94_count: 0
  feed_capped_count: 0
  feed_min_effective_mm_min: 4500.0
  feed_max_effective_mm_min: 10000.0
  feed_sanity_issue_count: 0
  feed_sanity_critical_count: 0
  feed_sanity_warning_count: 0
  feed_sanity_low_effective_count: 0
  feed_sanity_low_raw_g94_count: 0
  feed_sanity_mid_raw_g94_count: 0
  feed_sanity_extreme_raw_count: 0
  feed_sanity_extreme_raw_threshold: 50000.0
  feed_sanity_strict_feed: False
  warning_count: 1

Warnings:
  - Line 2142: G28 reference return time is not estimated

Feed Histogram:
  - <1000: count=0, time_sec=0, length_mm=0
  - 1000-2999: count=0, time_sec=0, length_mm=0
  - 3000-4499: count=0, time_sec=0, length_mm=0
  - 4500-5999: count=32, time_sec=14.6616, length_mm=1099.62
  - >=6000: count=2021, time_sec=251.525, length_mm=32674.1

Top Slow Feed Blocks:
  - Line 1392: time_sec=2.94878, length_mm=368.597, raw_F=7500.0, effective_feed_mm_min=7500.0, raw=G02 X1.581 Y290.874 I277.334 J-88.729
  - Line 2130: time_sec=1.89004, length_mm=236.256, raw_F=7500.0, effective_feed_mm_min=7500.0, raw=G02 X-61.292 Y279.686 I247.266 J-144.996
  - Line 1504: time_sec=1.67987, length_mm=209.984, raw_F=7500.0, effective_feed_mm_min=7500.0, raw=X-231.169 Y143.940 I65.403 J-264.269
  - Line 1524: time_sec=1.63114, length_mm=203.892, raw_F=7500.0, effective_feed_mm_min=7500.0, raw=X-227.562 Y143.881 I66.528 J-260.897
  - Line 1548: time_sec=1.60289, length_mm=200.361, raw_F=7500.0, effective_feed_mm_min=7500.0, raw=X-225.392 Y143.751 I67.062 J-258.778
  - Line 1564: time_sec=1.57931, length_mm=197.414, raw_F=7500.0, effective_feed_mm_min=7500.0, raw=X-223.411 Y143.411 I67.359 J-256.800
  - Line 1595: time_sec=1.5571, length_mm=194.638, raw_F=7500.0, effective_feed_mm_min=7500.0, raw=X-221.498 Y143.031 I67.579 J-254.849
  - Line 1615: time_sec=1.53532, length_mm=191.915, raw_F=7500.0, effective_feed_mm_min=7500.0, raw=X-219.616 Y142.659 I67.777 J-252.893
  - Line 1635: time_sec=1.51409, length_mm=189.262, raw_F=7500.0, effective_feed_mm_min=7500.0, raw=X-217.792 Y142.296 I68.029 J-251.104
  - Line 1659: time_sec=1.49321, length_mm=186.651, raw_F=7500.0, effective_feed_mm_min=7500.0, raw=X-215.991 Y141.940 I68.240 J-249.272
  - Line 1679: time_sec=1.47277, length_mm=184.097, raw_F=7500.0, effective_feed_mm_min=7500.0, raw=X-214.228 Y141.589 I68.461 J-247.497
  - Line 1699: time_sec=1.45285, length_mm=181.606, raw_F=7500.0, effective_feed_mm_min=7500.0, raw=X-212.507 Y141.249 I68.627 J-245.700
  - Line 1718: time_sec=1.4374, length_mm=179.675, raw_F=7500.0, effective_feed_mm_min=7500.0, raw=X-211.188 Y141.005 I68.808 J-244.378
  - Line 1757: time_sec=1.41424, length_mm=176.78, raw_F=7500.0, effective_feed_mm_min=7500.0, raw=X-209.276 Y140.727 I69.168 J-242.521
  - Line 1776: time_sec=1.40327, length_mm=175.409, raw_F=7500.0, effective_feed_mm_min=7500.0, raw=X-208.391 Y140.621 I69.343 J-241.645
  - Line 1796: time_sec=1.3923, length_mm=174.037, raw_F=7500.0, effective_feed_mm_min=7500.0, raw=X-207.504 Y140.517 I69.517 J-240.770
  - Line 1816: time_sec=1.38135, length_mm=172.669, raw_F=7500.0, effective_feed_mm_min=7500.0, raw=X-206.618 Y140.411 I69.690 J-239.895
  - Line 1835: time_sec=1.3704, length_mm=171.3, raw_F=7500.0, effective_feed_mm_min=7500.0, raw=X-205.731 Y140.304 I69.863 J-239.018
  - Line 1855: time_sec=1.35942, length_mm=169.927, raw_F=7500.0, effective_feed_mm_min=7500.0, raw=X-204.842 Y140.199 I70.037 J-238.141
  - Line 1876: time_sec=1.34846, length_mm=168.557, raw_F=7500.0, effective_feed_mm_min=7500.0, raw=X-203.954 Y140.091 I70.210 J-237.262

Feed Sanity Summary:
  feed_sanity_issue_count: 0
  feed_sanity_critical_count: 0
  feed_sanity_warning_count: 0
  feed_sanity_low_effective_count: 0
  feed_sanity_low_raw_g94_count: 0
  feed_sanity_mid_raw_g94_count: 0
  feed_sanity_extreme_raw_count: 0
  feed_sanity_extreme_raw_threshold: 50000.0
  feed_sanity_strict_feed: False
  normalized_feed_recommendation: No feed normalization action is required by the current sanity rules.

Feed Sanity Issues:
  None
