NC-Time-Twin Estimate Log
NC-Code: C:\Projects\綠智能\nc_time_twin_v1\examples\ToolPathSource.opti.nc
Generated at: 2026-04-28 00:44:44

Summary:
  total_time_sec: 399.06914442027914
  total_time_text: 00:06:39
  rapid_time_sec: 64.82303399999999
  cutting_time_sec: 322.7461104202786
  arc_time_sec: 283.13979913864176
  dwell_time_sec: 0.0
  tool_change_time_sec: 0.0
  spindle_time_sec: 11.0
  coolant_time_sec: 0.5
  optional_stop_time_sec: 0.0
  reference_return_time_sec: 0.0
  auxiliary_time_sec: 11.5
  total_length_mm: 40759.300990299475
  tool_change_count: 0
  spindle_event_count: 6
  coolant_event_count: 1
  optional_stop_count: 0
  reference_return_count: 1
  smoothing_event_count: 0
  feed_unit_configured: auto
  feed_unit_effective: auto_m_per_min
  feed_move_count: 2053
  feed_raw_count: 2053
  feed_min_raw: 6.0
  feed_max_raw: 15344492.0
  feed_low_g94_count: 199
  feed_capped_count: 265
  feed_min_effective_mm_min: 104.0
  feed_max_effective_mm_min: 10000.0
  feed_sanity_issue_count: 87
  feed_sanity_critical_count: 17
  feed_sanity_warning_count: 70
  feed_sanity_low_effective_count: 22
  feed_sanity_low_raw_g94_count: 199
  feed_sanity_mid_raw_g94_count: 22
  feed_sanity_extreme_raw_count: 64
  feed_sanity_extreme_raw_threshold: 50000.0
  feed_sanity_strict_feed: False
  warning_count: 4

Warnings:
  - Line 6: Auto feed unit selected mixed mm/min plus m/min: 199 G94 metric move blocks had F below 100; small F values were converted from m/min to mm/min
  - Line 6: Feedrate capped by max_cut_feed_mm_min on 265 move blocks (limit 10000 mm/min)
  - Line 2142: G28 reference return time is not estimated
  - Feed sanity check found 17 critical issue(s)

Feed Histogram:
  - <1000: count=22, time_sec=47.8748, length_mm=169.257
  - 1000-2999: count=53, time_sec=11.3029, length_mm=492.622
  - 3000-4499: count=102, time_sec=15.6238, length_mm=944.307
  - 4500-5999: count=63, time_sec=8.34967, length_mm=709.517
  - >=6000: count=1813, time_sec=239.595, length_mm=31458

Top Slow Feed Blocks:
  - Line 870: time_sec=6.9721, length_mm=12.085, raw_F=104.0, effective_feed_mm_min=104.0, raw=X-26.004 Y69.949 I240.033 J133.480 F104
  - Line 1009: time_sec=6.76688, length_mm=14.7744, raw_F=131.0, effective_feed_mm_min=131.0, raw=G03 X30.425 Y77.604 I-281.634 J179.033 F131
  - Line 955: time_sec=5.62411, length_mm=14.0603, raw_F=150.0, effective_feed_mm_min=150.0, raw=X-17.982 Y58.179 I314.647 J192.951 F150
  - Line 1349: time_sec=4.54431, length_mm=12.0424, raw_F=159.0, effective_feed_mm_min=159.0, raw=X-10.390 Y96.791 I17.446 J16.604 F159
  - Line 1441: time_sec=2.9569, length_mm=7.54008, raw_F=153.0, effective_feed_mm_min=153.0, raw=G03 X6.347 Y293.282 I-0.040 J4.800 F153
  - Line 1013: time_sec=2.3025, length_mm=4.25963, raw_F=111.0, effective_feed_mm_min=111.0, raw=X27.647 Y95.555 I64.830 J-21.688 F111
  - Line 1007: time_sec=2.29912, length_mm=4.10009, raw_F=107.0, effective_feed_mm_min=107.0, raw=X20.522 Y60.396 I15.624 J-1.305 F107
  - Line 874: time_sec=2.09717, length_mm=4.85845, raw_F=139.0, effective_feed_mm_min=139.0, raw=X-21.297 Y57.200 I-13.137 J-4.121 F139
  - Line 1072: time_sec=1.89611, length_mm=14.0628, raw_F=445.0, effective_feed_mm_min=445.0, raw=G03 X25.559 Y70.022 I-309.436 J206.273 F445
  - Line 726: time_sec=1.87918, length_mm=9.2393, raw_F=295.0, effective_feed_mm_min=295.0, raw=X-27.490 Y71.982 I261.816 J146.605 F295
  - Line 650: time_sec=1.73411, length_mm=4.36418, raw_F=151.0, effective_feed_mm_min=151.0, raw=X26.829 Y69.482 I15.109 J-0.269 F151
  - Line 988: time_sec=1.73031, length_mm=13.4964, raw_F=468.0, effective_feed_mm_min=468.0, raw=G03 X31.169 Y78.694 I-277.343 J173.421 F468
  - Line 1377: time_sec=1.38351, length_mm=12.5669, raw_F=545.0, effective_feed_mm_min=545.0, raw=X11.472 Y110.540 I-1.090 J7.925 F545
  - Line 728: time_sec=1.15363, length_mm=4.05692, raw_F=211.0, effective_feed_mm_min=211.0, raw=X-24.525 Y62.793 I-14.069 J-4.258 F211
  - Line 895: time_sec=0.880184, length_mm=7.54025, raw_F=514.0, effective_feed_mm_min=514.0, raw=G03 X-26.738 Y40.972 I2.262 J-4.233 F514
  - Line 1332: time_sec=0.757852, length_mm=7.54063, raw_F=597.0, effective_feed_mm_min=597.0, raw=X24.856 Y114.969 I-4.532 J1.583 F597
  - Line 693: time_sec=0.63092, length_mm=4.11149, raw_F=391.0, effective_feed_mm_min=391.0, raw=X24.638 Y64.391 I11.087 J2.476 F391
  - Line 729: time_sec=0.595891, length_mm=4.10172, raw_F=413.0, effective_feed_mm_min=413.0, raw=X-25.309 Y58.798 I-9.694 J-0.171 F413
  - Line 642: time_sec=0.574089, length_mm=4.85105, raw_F=507.0, effective_feed_mm_min=507.0, raw=X-27.741 Y66.788 I-13.974 J-4.090 F507
  - Line 1006: time_sec=0.542272, length_mm=5.63963, raw_F=624.0, effective_feed_mm_min=624.0, raw=X19.653 Y56.401 I8.456 J4.589 F624

Feed Sanity Summary:
  feed_sanity_issue_count: 87
  feed_sanity_critical_count: 17
  feed_sanity_warning_count: 70
  feed_sanity_low_effective_count: 22
  feed_sanity_low_raw_g94_count: 199
  feed_sanity_mid_raw_g94_count: 22
  feed_sanity_extreme_raw_count: 64
  feed_sanity_extreme_raw_threshold: 50000.0
  feed_sanity_strict_feed: False
  normalized_feed_recommendation: Feed scale is likely inconsistent. Use normalize-feed with an explicit input-feed-unit, then compare against the source NC with regression checks enabled.

Feed Sanity Issues:
  - Program: critical mixed_feed_scale: G21/G94 feed values look scale-mixed: low raw F, 100-999 raw F, and extreme raw F values appear in the same program. recommendation=Normalize the optimizer output to explicit mm/min before estimation; do not rely on auto feed-unit inference for this file.
  - Line 642: warning low_effective_feed: G21/G94 effective feed 507 mm/min is below 1000 mm/min. recommendation=Confirm this is an intentional local slowdown; otherwise normalize feed scale or reject the optimized NC as a time regression.
  - Line 650: critical low_effective_feed: G21/G94 effective feed 151 mm/min is below 1000 mm/min. recommendation=Confirm this is an intentional local slowdown; otherwise normalize feed scale or reject the optimized NC as a time regression.
  - Line 693: critical low_effective_feed: G21/G94 effective feed 391 mm/min is below 1000 mm/min. recommendation=Confirm this is an intentional local slowdown; otherwise normalize feed scale or reject the optimized NC as a time regression.
  - Line 695: critical low_effective_feed: G21/G94 effective feed 106 mm/min is below 1000 mm/min. recommendation=Confirm this is an intentional local slowdown; otherwise normalize feed scale or reject the optimized NC as a time regression.
  - Line 726: critical low_effective_feed: G21/G94 effective feed 295 mm/min is below 1000 mm/min. recommendation=Confirm this is an intentional local slowdown; otherwise normalize feed scale or reject the optimized NC as a time regression.
  - Line 728: critical low_effective_feed: G21/G94 effective feed 211 mm/min is below 1000 mm/min. recommendation=Confirm this is an intentional local slowdown; otherwise normalize feed scale or reject the optimized NC as a time regression.
  - Line 729: critical low_effective_feed: G21/G94 effective feed 413 mm/min is below 1000 mm/min. recommendation=Confirm this is an intentional local slowdown; otherwise normalize feed scale or reject the optimized NC as a time regression.
  - Line 870: critical low_effective_feed: G21/G94 effective feed 104 mm/min is below 1000 mm/min. recommendation=Confirm this is an intentional local slowdown; otherwise normalize feed scale or reject the optimized NC as a time regression.
  - Line 874: critical low_effective_feed: G21/G94 effective feed 139 mm/min is below 1000 mm/min. recommendation=Confirm this is an intentional local slowdown; otherwise normalize feed scale or reject the optimized NC as a time regression.
  - Line 895: warning low_effective_feed: G21/G94 effective feed 514 mm/min is below 1000 mm/min. recommendation=Confirm this is an intentional local slowdown; otherwise normalize feed scale or reject the optimized NC as a time regression.
  - Line 955: critical low_effective_feed: G21/G94 effective feed 150 mm/min is below 1000 mm/min. recommendation=Confirm this is an intentional local slowdown; otherwise normalize feed scale or reject the optimized NC as a time regression.
  - Line 988: critical low_effective_feed: G21/G94 effective feed 468 mm/min is below 1000 mm/min. recommendation=Confirm this is an intentional local slowdown; otherwise normalize feed scale or reject the optimized NC as a time regression.
  - Line 1006: warning low_effective_feed: G21/G94 effective feed 624 mm/min is below 1000 mm/min. recommendation=Confirm this is an intentional local slowdown; otherwise normalize feed scale or reject the optimized NC as a time regression.
  - Line 1007: critical low_effective_feed: G21/G94 effective feed 107 mm/min is below 1000 mm/min. recommendation=Confirm this is an intentional local slowdown; otherwise normalize feed scale or reject the optimized NC as a time regression.
  - Line 1009: critical low_effective_feed: G21/G94 effective feed 131 mm/min is below 1000 mm/min. recommendation=Confirm this is an intentional local slowdown; otherwise normalize feed scale or reject the optimized NC as a time regression.
  - Line 1013: critical low_effective_feed: G21/G94 effective feed 111 mm/min is below 1000 mm/min. recommendation=Confirm this is an intentional local slowdown; otherwise normalize feed scale or reject the optimized NC as a time regression.
  - Line 1068: warning low_effective_feed: G21/G94 effective feed 551 mm/min is below 1000 mm/min. recommendation=Confirm this is an intentional local slowdown; otherwise normalize feed scale or reject the optimized NC as a time regression.
  - Line 1072: critical low_effective_feed: G21/G94 effective feed 445 mm/min is below 1000 mm/min. recommendation=Confirm this is an intentional local slowdown; otherwise normalize feed scale or reject the optimized NC as a time regression.
  - Line 1332: warning low_effective_feed: G21/G94 effective feed 597 mm/min is below 1000 mm/min. recommendation=Confirm this is an intentional local slowdown; otherwise normalize feed scale or reject the optimized NC as a time regression.
  - Line 1349: critical low_effective_feed: G21/G94 effective feed 159 mm/min is below 1000 mm/min. recommendation=Confirm this is an intentional local slowdown; otherwise normalize feed scale or reject the optimized NC as a time regression.
  - Line 1377: warning low_effective_feed: G21/G94 effective feed 545 mm/min is below 1000 mm/min. recommendation=Confirm this is an intentional local slowdown; otherwise normalize feed scale or reject the optimized NC as a time regression.
  - Line 1441: critical low_effective_feed: G21/G94 effective feed 153 mm/min is below 1000 mm/min. recommendation=Confirm this is an intentional local slowdown; otherwise normalize feed scale or reject the optimized NC as a time regression.
  - Line 40: warning extreme_raw_feed: G21/G94 raw feed F9.42417e+06 is above 50000 (5x max_cut_feed). recommendation=Check optimizer/postprocessor scaling; cap or normalize before machining.
  - Line 229: warning extreme_raw_feed: G21/G94 raw feed F1.53445e+07 is above 50000 (5x max_cut_feed). recommendation=Check optimizer/postprocessor scaling; cap or normalize before machining.
  - Line 230: warning extreme_raw_feed: G21/G94 raw feed F1.53445e+07 is above 50000 (5x max_cut_feed). recommendation=Check optimizer/postprocessor scaling; cap or normalize before machining.
  - Line 231: warning extreme_raw_feed: G21/G94 raw feed F1.53445e+07 is above 50000 (5x max_cut_feed). recommendation=Check optimizer/postprocessor scaling; cap or normalize before machining.
  - Line 232: warning extreme_raw_feed: G21/G94 raw feed F1.53445e+07 is above 50000 (5x max_cut_feed). recommendation=Check optimizer/postprocessor scaling; cap or normalize before machining.
  - Line 233: warning extreme_raw_feed: G21/G94 raw feed F1.53445e+07 is above 50000 (5x max_cut_feed). recommendation=Check optimizer/postprocessor scaling; cap or normalize before machining.
  - Line 234: warning extreme_raw_feed: G21/G94 raw feed F1.53445e+07 is above 50000 (5x max_cut_feed). recommendation=Check optimizer/postprocessor scaling; cap or normalize before machining.
  - Line 235: warning extreme_raw_feed: G21/G94 raw feed F1.53445e+07 is above 50000 (5x max_cut_feed). recommendation=Check optimizer/postprocessor scaling; cap or normalize before machining.
  - Line 236: warning extreme_raw_feed: G21/G94 raw feed F1.53445e+07 is above 50000 (5x max_cut_feed). recommendation=Check optimizer/postprocessor scaling; cap or normalize before machining.
  - Line 237: warning extreme_raw_feed: G21/G94 raw feed F1.53445e+07 is above 50000 (5x max_cut_feed). recommendation=Check optimizer/postprocessor scaling; cap or normalize before machining.
  - Line 238: warning extreme_raw_feed: G21/G94 raw feed F1.53445e+07 is above 50000 (5x max_cut_feed). recommendation=Check optimizer/postprocessor scaling; cap or normalize before machining.
  - Line 239: warning extreme_raw_feed: G21/G94 raw feed F1.53445e+07 is above 50000 (5x max_cut_feed). recommendation=Check optimizer/postprocessor scaling; cap or normalize before machining.
  - Line 240: warning extreme_raw_feed: G21/G94 raw feed F1.53445e+07 is above 50000 (5x max_cut_feed). recommendation=Check optimizer/postprocessor scaling; cap or normalize before machining.
  - Line 241: warning extreme_raw_feed: G21/G94 raw feed F1.53445e+07 is above 50000 (5x max_cut_feed). recommendation=Check optimizer/postprocessor scaling; cap or normalize before machining.
  - Line 644: warning extreme_raw_feed: G21/G94 raw feed F1.53445e+07 is above 50000 (5x max_cut_feed). recommendation=Check optimizer/postprocessor scaling; cap or normalize before machining.
  - Line 645: warning extreme_raw_feed: G21/G94 raw feed F1.53445e+07 is above 50000 (5x max_cut_feed). recommendation=Check optimizer/postprocessor scaling; cap or normalize before machining.
  - Line 652: warning extreme_raw_feed: G21/G94 raw feed F1.53445e+07 is above 50000 (5x max_cut_feed). recommendation=Check optimizer/postprocessor scaling; cap or normalize before machining.
  - Line 653: warning extreme_raw_feed: G21/G94 raw feed F1.53445e+07 is above 50000 (5x max_cut_feed). recommendation=Check optimizer/postprocessor scaling; cap or normalize before machining.
  - Line 654: warning extreme_raw_feed: G21/G94 raw feed F1.53445e+07 is above 50000 (5x max_cut_feed). recommendation=Check optimizer/postprocessor scaling; cap or normalize before machining.
  - Line 655: warning extreme_raw_feed: G21/G94 raw feed F1.53445e+07 is above 50000 (5x max_cut_feed). recommendation=Check optimizer/postprocessor scaling; cap or normalize before machining.
  - Line 656: warning extreme_raw_feed: G21/G94 raw feed F1.53445e+07 is above 50000 (5x max_cut_feed). recommendation=Check optimizer/postprocessor scaling; cap or normalize before machining.
  - Line 657: warning extreme_raw_feed: G21/G94 raw feed F1.53445e+07 is above 50000 (5x max_cut_feed). recommendation=Check optimizer/postprocessor scaling; cap or normalize before machining.
  - Line 658: warning extreme_raw_feed: G21/G94 raw feed F1.53445e+07 is above 50000 (5x max_cut_feed). recommendation=Check optimizer/postprocessor scaling; cap or normalize before machining.
  - Line 659: warning extreme_raw_feed: G21/G94 raw feed F1.53445e+07 is above 50000 (5x max_cut_feed). recommendation=Check optimizer/postprocessor scaling; cap or normalize before machining.
  - Line 660: warning extreme_raw_feed: G21/G94 raw feed F1.53445e+07 is above 50000 (5x max_cut_feed). recommendation=Check optimizer/postprocessor scaling; cap or normalize before machining.
  - Line 661: warning extreme_raw_feed: G21/G94 raw feed F1.53445e+07 is above 50000 (5x max_cut_feed). recommendation=Check optimizer/postprocessor scaling; cap or normalize before machining.
  - Line 662: warning extreme_raw_feed: G21/G94 raw feed F1.53445e+07 is above 50000 (5x max_cut_feed). recommendation=Check optimizer/postprocessor scaling; cap or normalize before machining.
